[2025-05-11T00:31:15.409Z] [ACCESS] Acesso a rota /dashboard/grupoDefeitoEquipamento
[2025-05-11T00:31:15.492Z] [ACTION] [LIST] GRUPO_DEFEITO_EQUIPAMENTO | {"userId":"b435c6d2-ef8b-4bcc-93fa-8228df4c5c41","input":{},"success":true}
[2025-05-11T00:31:45.612Z] [ACCESS] Acesso a rota /dashboard/grupoDefeitoEquipamento
[2025-05-11T00:31:45.693Z] [ACTION] [LIST] GRUPO_DEFEITO_EQUIPAMENTO | {"userId":"b435c6d2-ef8b-4bcc-93fa-8228df4c5c41","input":{},"success":true}
[2025-05-11T00:32:34.356Z] [ACCESS] Acesso a rota /dashboard/grupoDefeitoEquipamento
[2025-05-11T00:32:34.833Z] [ACTION] [LIST] GRUPO_DEFEITO_EQUIPAMENTO | {"userId":"b435c6d2-ef8b-4bcc-93fa-8228df4c5c41","input":{},"success":true}
[2025-05-11T00:32:46.395Z] [ACCESS] Acesso a rota /dashboard/grupoDefeitoEquipamento
[2025-05-11T00:32:46.456Z] [ACTION] [LIST] GRUPO_DEFEITO_EQUIPAMENTO | {"userId":"b435c6d2-ef8b-4bcc-93fa-8228df4c5c41","input":{},"success":true}
[2025-05-11T00:33:14.403Z] [ACCESS] Acesso a rota /dashboard/grupoDefeitoEquipamento
[2025-05-11T00:33:14.983Z] [ACTION] [LIST] GRUPO_DEFEITO_EQUIPAMENTO | {"userId":"b435c6d2-ef8b-4bcc-93fa-8228df4c5c41","input":{},"success":true}
[2025-05-11T00:33:57.494Z] [ACCESS] Acesso a rota /dashboard/grupoDefeitoEquipamento
[2025-05-11T00:33:57.592Z] [ACTION] [LIST] GRUPO_DEFEITO_EQUIPAMENTO | {"userId":"b435c6d2-ef8b-4bcc-93fa-8228df4c5c41","input":{},"success":true}
[2025-05-11T00:34:22.818Z] [ACCESS] Acesso a rota /dashboard/grupoDefeitoEquipamento
[2025-05-11T00:34:22.885Z] [ACTION] [LIST] GRUPO_DEFEITO_EQUIPAMENTO | {"userId":"b435c6d2-ef8b-4bcc-93fa-8228df4c5c41","input":{},"success":true}
[2025-05-11T00:35:26.386Z] [ACCESS] Acesso a rota /dashboard/grupoDefeitoEquipamento
[2025-05-11T00:35:26.467Z] [ACTION] [LIST] GRUPO_DEFEITO_EQUIPAMENTO | {"userId":"b435c6d2-ef8b-4bcc-93fa-8228df4c5c41","input":{},"success":true}
[2025-05-11T00:36:04.209Z] [ACCESS] Acesso a rota /dashboard/grupoDefeitoEquipamento
[2025-05-11T00:36:04.274Z] [ACTION] [LIST] GRUPO_DEFEITO_EQUIPAMENTO | {"userId":"b435c6d2-ef8b-4bcc-93fa-8228df4c5c41","input":{},"success":true}
[2025-05-11T00:36:41.232Z] [ACCESS] Acesso a rota /dashboard/grupoDefeitoEquipamento
[2025-05-11T00:36:41.306Z] [ACTION] [LIST] GRUPO_DEFEITO_EQUIPAMENTO | {"userId":"b435c6d2-ef8b-4bcc-93fa-8228df4c5c41","input":{},"success":true}
[2025-05-11T00:37:19.913Z] [ACCESS] Acesso a rota /dashboard/grupoDefeitoEquipamento
[2025-05-11T00:37:19.993Z] [ACTION] [LIST] GRUPO_DEFEITO_EQUIPAMENTO | {"userId":"b435c6d2-ef8b-4bcc-93fa-8228df4c5c41","input":{},"success":true}
[2025-05-11T00:38:06.552Z] [ACCESS] Acesso a rota /dashboard/grupoDefeitoEquipamento
[2025-05-11T00:38:06.733Z] [ACTION] [LIST] GRUPO_DEFEITO_EQUIPAMENTO | {"userId":"b435c6d2-ef8b-4bcc-93fa-8228df4c5c41","input":{},"success":true}
[2025-05-11T00:38:14.083Z] [ACCESS] Acesso a rota /dashboard/grupoDefeitoEquipamento
[2025-05-11T00:38:14.129Z] [ACTION] [LIST] GRUPO_DEFEITO_EQUIPAMENTO | {"userId":"b435c6d2-ef8b-4bcc-93fa-8228df4c5c41","input":{},"success":true}
[2025-05-11T00:38:15.245Z] [ACCESS] Acesso a rota /dashboard/grupoDefeitoEquipamento
[2025-05-11T00:38:19.834Z] [ACCESS] Acesso a rota /dashboard/grupoDefeitoEquipamento
[2025-05-11T00:38:19.841Z] [ACCESS] Acesso a rota /dashboard/regional
[2025-05-11T00:38:20.162Z] [ACTION] [LIST] GRUPO_DEFEITO_EQUIPAMENTO | {"userId":"b435c6d2-ef8b-4bcc-93fa-8228df4c5c41","input":{},"success":true}
[2025-05-11T00:38:20.274Z] [ACCESS] Acesso a rota /dashboard/regional
[2025-05-11T00:38:20.963Z] [ACCESS] Acesso a rota /dashboard/regional
[2025-05-11T00:38:21.031Z] [ACTION] [LIST] REGIONAL | {"userId":"b435c6d2-ef8b-4bcc-93fa-8228df4c5c41","input":{},"success":true}
[2025-05-11T00:38:21.081Z] [ACCESS] Acesso a rota /dashboard/regional
[2025-05-11T00:38:21.138Z] [ACTION] [LIST] DISTRIBUIDORA | {"userId":"b435c6d2-ef8b-4bcc-93fa-8228df4c5c41","input":{},"success":true}
[2025-05-11T00:38:21.677Z] [ACCESS] Acesso a rota /dashboard/centroTrabalho
[2025-05-11T00:38:29.549Z] [ACCESS] Acesso a rota /dashboard/grupoDefeitoCodigo
[2025-05-11T00:38:29.549Z] [ACCESS] Acesso a rota /dashboard/grupoDefeitoCodigo
[2025-05-11T00:38:42.107Z] [ACCESS] Acesso a rota /dashboard/grupoDefeitoCodigo
[2025-05-11T00:38:42.318Z] [ACCESS] Acesso a rota /dashboard/grupoDefeitoCodigo
[2025-05-11T00:38:42.637Z] [ACTION] [LIST] GRUPO_DEFEITO_CODIGO | {"userId":"b435c6d2-ef8b-4bcc-93fa-8228df4c5c41","input":{},"success":true}
[2025-05-11T00:38:42.733Z] [ACCESS] Acesso a rota /dashboard/grupoDefeitoCodigo
[2025-05-11T00:38:42.856Z] [ACTION] [LIST] GRUPO_DEFEITO_EQUIPAMENTO | {"userId":"b435c6d2-ef8b-4bcc-93fa-8228df4c5c41","input":{},"success":true}
[2025-05-11T00:39:52.752Z] [ACCESS] Acesso a rota /dashboard/grupoDefeitoCodigo
[2025-05-11T00:39:56.171Z] [ACCESS] Acesso a rota /dashboard/grupoDefeitoCodigo
[2025-05-11T00:39:56.903Z] [ACTION] [LIST] GRUPO_DEFEITO_CODIGO | {"userId":"b435c6d2-ef8b-4bcc-93fa-8228df4c5c41","input":{},"success":true}
[2025-05-11T00:39:57.033Z] [ACCESS] Acesso a rota /dashboard/grupoDefeitoCodigo
[2025-05-11T00:39:57.089Z] [ACTION] [LIST] GRUPO_DEFEITO_EQUIPAMENTO | {"userId":"b435c6d2-ef8b-4bcc-93fa-8228df4c5c41","input":{},"success":true}
[2025-05-11T00:40:00.431Z] [ACCESS] Acesso a rota /dashboard/defeito
[2025-05-11T00:40:05.452Z] [ACCESS] Acesso a rota /dashboard/defeito
[2025-05-11T00:40:05.599Z] [ACTION] [LIST] SUBGRUPO_DEFEITO_EQUIPAMENTO | {"userId":"b435c6d2-ef8b-4bcc-93fa-8228df4c5c41","input":{},"success":true}
[2025-05-11T00:40:05.624Z] [ACCESS] Acesso a rota /dashboard/defeito
[2025-05-11T00:40:05.680Z] [ACTION] [LIST] GRUPO_DEFEITO_CODIGO | {"userId":"b435c6d2-ef8b-4bcc-93fa-8228df4c5c41","input":{},"success":true}
[2025-05-11T00:40:05.703Z] [ACCESS] Acesso a rota /dashboard/defeito
[2025-05-11T00:40:05.740Z] [ACTION] [LIST] GRUPO_DEFEITO_EQUIPAMENTO | {"userId":"b435c6d2-ef8b-4bcc-93fa-8228df4c5c41","input":{},"success":true}
[2025-05-11T00:40:06.851Z] [ACCESS] Acesso a rota /dashboard/tipoManutencao
[2025-05-11T00:40:08.920Z] [ACCESS] Acesso a rota /dashboard/tipoManutencao
[2025-05-11T00:40:09.135Z] [ACTION] [LIST] TIPO_MANUTENCAO | {"userId":"b435c6d2-ef8b-4bcc-93fa-8228df4c5c41","input":{},"success":true}
[2025-05-11T00:40:09.948Z] [ACCESS] Acesso a rota /dashboard/kpi
[2025-05-11T00:40:11.702Z] [ACCESS] Acesso a rota /dashboard/kpi
[2025-05-11T00:40:12.033Z] [ACTION] [LIST] KPI | {"userId":"b435c6d2-ef8b-4bcc-93fa-8228df4c5c41","input":{},"success":true}
[2025-05-11T00:40:12.221Z] [ACCESS] Acesso a rota /dashboard/kpi
[2025-05-11T00:40:12.257Z] [ACTION] [LIST] TIPO_MANUTENCAO | {"userId":"b435c6d2-ef8b-4bcc-93fa-8228df4c5c41","input":{},"success":true}
[2025-05-11T00:40:12.454Z] [ACCESS] Acesso a rota /dashboard/notasSAP
[2025-05-11T00:41:01.678Z] [ACCESS] Acesso a rota /dashboard/kpi
[2025-05-11T00:41:01.679Z] [ACCESS] Acesso a rota /dashboard/kpi
[2025-05-11T00:41:04.034Z] [ACCESS] Acesso a rota /dashboard/kpi
[2025-05-11T00:41:04.448Z] [ACTION] [LIST] KPI | {"userId":"b435c6d2-ef8b-4bcc-93fa-8228df4c5c41","input":{},"success":true}
[2025-05-11T00:41:04.534Z] [ACCESS] Acesso a rota /dashboard/kpi
[2025-05-11T00:41:04.606Z] [ACTION] [LIST] TIPO_MANUTENCAO | {"userId":"b435c6d2-ef8b-4bcc-93fa-8228df4c5c41","input":{},"success":true}
[2025-05-11T00:41:23.506Z] [ACCESS] Acesso a rota /dashboard/kpi
[2025-05-11T00:41:23.685Z] [ACTION] [LIST] KPI | {"userId":"b435c6d2-ef8b-4bcc-93fa-8228df4c5c41","input":{},"success":true}
[2025-05-11T00:41:23.742Z] [ACCESS] Acesso a rota /dashboard/kpi
[2025-05-11T00:41:23.794Z] [ACTION] [LIST] TIPO_MANUTENCAO | {"userId":"b435c6d2-ef8b-4bcc-93fa-8228df4c5c41","input":{},"success":true}
[2025-05-11T00:41:46.114Z] [ACCESS] Acesso a rota /dashboard/kpi
[2025-05-11T00:41:46.385Z] [ACTION] [LIST] KPI | {"userId":"b435c6d2-ef8b-4bcc-93fa-8228df4c5c41","input":{},"success":true}
[2025-05-11T00:41:46.417Z] [ACCESS] Acesso a rota /dashboard/kpi
[2025-05-11T00:41:46.460Z] [ACTION] [LIST] TIPO_MANUTENCAO | {"userId":"b435c6d2-ef8b-4bcc-93fa-8228df4c5c41","input":{},"success":true}
[2025-05-11T00:42:43.156Z] [ACCESS] Acesso a rota /dashboard/kpi
[2025-05-11T00:42:43.157Z] [ACCESS] Acesso a rota /dashboard/kpi
[2025-05-11T00:42:44.301Z] [ACTION] [LIST] KPI | {"userId":"b435c6d2-ef8b-4bcc-93fa-8228df4c5c41","input":{},"success":true}
[2025-05-11T00:42:44.329Z] [ACCESS] Acesso a rota /dashboard/kpi
[2025-05-11T00:42:47.254Z] [ACCESS] Acesso a rota /dashboard/kpi
[2025-05-11T00:42:47.795Z] [ACTION] [LIST] KPI | {"userId":"b435c6d2-ef8b-4bcc-93fa-8228df4c5c41","input":{},"success":true}
[2025-05-11T00:42:47.971Z] [ACCESS] Acesso a rota /dashboard/kpi
[2025-05-11T00:42:48.011Z] [ACTION] [LIST] TIPO_MANUTENCAO | {"userId":"b435c6d2-ef8b-4bcc-93fa-8228df4c5c41","input":{},"success":true}
[2025-05-11T00:45:52.609Z] [ACCESS] Acesso a rota /dashboard/kpi
[2025-05-11T00:45:53.673Z] [ACTION] [LIST] KPI | {"userId":"b435c6d2-ef8b-4bcc-93fa-8228df4c5c41","input":{},"success":true}
[2025-05-11T00:45:53.697Z] [ACCESS] Acesso a rota /dashboard/kpi
[2025-05-11T00:45:53.781Z] [ACTION] [LIST] TIPO_MANUTENCAO | {"userId":"b435c6d2-ef8b-4bcc-93fa-8228df4c5c41","input":{},"success":true}
[2025-05-11T00:45:54.122Z] [ACCESS] Acesso a rota /dashboard/distribuidora
[2025-05-11T00:46:01.413Z] [ACCESS] Acesso a rota /dashboard/distribuidora
[2025-05-11T00:46:01.670Z] [ACTION] [LIST] DISTRIBUIDORA | {"userId":"b435c6d2-ef8b-4bcc-93fa-8228df4c5c41","input":{},"success":true}
[2025-05-11T00:46:02.741Z] [ACCESS] Acesso a rota /dashboard/regional
[2025-05-11T00:46:05.698Z] [ACCESS] Acesso a rota /dashboard/regional
[2025-05-11T00:46:05.891Z] [ACTION] [LIST] REGIONAL | {"userId":"b435c6d2-ef8b-4bcc-93fa-8228df4c5c41","input":{},"success":true}
[2025-05-11T00:46:05.953Z] [ACCESS] Acesso a rota /dashboard/regional
[2025-05-11T00:46:06.000Z] [ACTION] [LIST] DISTRIBUIDORA | {"userId":"b435c6d2-ef8b-4bcc-93fa-8228df4c5c41","input":{},"success":true}
[2025-05-11T00:46:07.066Z] [ACCESS] Acesso a rota /dashboard/centroTrabalho
[2025-05-11T00:46:10.486Z] [ACCESS] Acesso a rota /dashboard/centroTrabalho
[2025-05-11T00:46:10.709Z] [ACTION] [LIST] CENTRO_TRABALHO | {"userId":"b435c6d2-ef8b-4bcc-93fa-8228df4c5c41","input":{},"success":true}
[2025-05-11T00:46:11.877Z] [ACCESS] Acesso a rota /dashboard/subestacao
[2025-05-11T00:46:16.693Z] [ACCESS] Acesso a rota /dashboard/subestacao
[2025-05-11T00:46:16.885Z] [ACTION] [LIST] SUBESTACAO | {"userId":"b435c6d2-ef8b-4bcc-93fa-8228df4c5c41","input":{},"success":true}
[2025-05-11T00:46:16.982Z] [ACCESS] Acesso a rota /dashboard/subestacao
[2025-05-11T00:46:16.988Z] [ACTION] [GET] SUBESTACAO_ENUMS | {"success":true,"input":{}}
[2025-05-11T00:46:17.134Z] [ACCESS] Acesso a rota /dashboard/subestacao
[2025-05-11T00:46:17.265Z] [ACTION] [LIST] REGIONAL | {"userId":"b435c6d2-ef8b-4bcc-93fa-8228df4c5c41","input":{},"success":true}
[2025-05-11T00:46:17.300Z] [ACCESS] Acesso a rota /dashboard/equipamento
[2025-05-11T00:46:35.720Z] [ACCESS] Acesso a rota /dashboard/subestacao
[2025-05-11T00:46:39.547Z] [ACCESS] Acesso a rota /dashboard/subestacao
[2025-05-11T00:46:39.967Z] [ACTION] [LIST] SUBESTACAO | {"userId":"b435c6d2-ef8b-4bcc-93fa-8228df4c5c41","input":{},"success":true}
[2025-05-11T00:46:40.002Z] [ACCESS] Acesso a rota /dashboard/subestacao
[2025-05-11T00:46:40.009Z] [ACTION] [GET] SUBESTACAO_ENUMS | {"success":true,"input":{}}
[2025-05-11T00:46:40.053Z] [ACCESS] Acesso a rota /dashboard/subestacao
[2025-05-11T00:46:40.144Z] [ACTION] [LIST] REGIONAL | {"userId":"b435c6d2-ef8b-4bcc-93fa-8228df4c5c41","input":{},"success":true}
[2025-05-11T00:46:40.826Z] [ACCESS] Acesso a rota /dashboard/equipamento
[2025-05-11T00:46:41.384Z] [ACCESS] Acesso a rota /dashboard/equipamento
[2025-05-11T00:46:41.663Z] [ACTION] [LIST] EQUIPAMENTO | {"userId":"b435c6d2-ef8b-4bcc-93fa-8228df4c5c41","input":{},"success":true}
[2025-05-11T00:46:41.761Z] [ACCESS] Acesso a rota /dashboard/equipamento
[2025-05-11T00:46:42.087Z] [ACTION] [LIST] GRUPO_DEFEITO_EQUIPAMENTO | {"userId":"b435c6d2-ef8b-4bcc-93fa-8228df4c5c41","input":{},"success":true}
[2025-05-11T00:46:42.107Z] [ACCESS] Acesso a rota /dashboard/equipamento
[2025-05-11T00:46:42.199Z] [ACTION] [LIST] SUBGRUPO_DEFEITO_EQUIPAMENTO | {"userId":"b435c6d2-ef8b-4bcc-93fa-8228df4c5c41","input":{},"success":true}
[2025-05-11T00:46:42.216Z] [ACCESS] Acesso a rota /dashboard/equipamento
[2025-05-11T00:46:42.418Z] [ACTION] [LIST] GRUPO_DEFEITO_CODIGO | {"userId":"b435c6d2-ef8b-4bcc-93fa-8228df4c5c41","input":{},"success":true}
[2025-05-11T00:46:42.435Z] [ACCESS] Acesso a rota /dashboard/equipamento
[2025-05-11T00:46:42.487Z] [ACTION] [LIST] SUBESTACAO | {"userId":"b435c6d2-ef8b-4bcc-93fa-8228df4c5c41","input":{},"success":true}
[2025-05-11T00:47:01.067Z] [ACCESS] Acesso a rota /dashboard/equipamento
[2025-05-11T00:47:07.030Z] [ACCESS] Acesso a rota /dashboard/equipamento
[2025-05-11T00:47:07.690Z] [ACTION] [LIST] EQUIPAMENTO | {"userId":"b435c6d2-ef8b-4bcc-93fa-8228df4c5c41","input":{},"success":true}
[2025-05-11T00:47:07.768Z] [ACCESS] Acesso a rota /dashboard/equipamento
[2025-05-11T00:47:07.878Z] [ACTION] [LIST] GRUPO_DEFEITO_EQUIPAMENTO | {"userId":"b435c6d2-ef8b-4bcc-93fa-8228df4c5c41","input":{},"success":true}
[2025-05-11T00:47:07.900Z] [ACCESS] Acesso a rota /dashboard/equipamento
[2025-05-11T00:47:08.005Z] [ACTION] [LIST] SUBGRUPO_DEFEITO_EQUIPAMENTO | {"userId":"b435c6d2-ef8b-4bcc-93fa-8228df4c5c41","input":{},"success":true}
[2025-05-11T00:47:08.072Z] [ACCESS] Acesso a rota /dashboard/equipamento
[2025-05-11T00:47:08.166Z] [ACTION] [LIST] GRUPO_DEFEITO_CODIGO | {"userId":"b435c6d2-ef8b-4bcc-93fa-8228df4c5c41","input":{},"success":true}
[2025-05-11T00:47:08.190Z] [ACCESS] Acesso a rota /dashboard/equipamento
[2025-05-11T00:47:08.252Z] [ACTION] [LIST] SUBESTACAO | {"userId":"b435c6d2-ef8b-4bcc-93fa-8228df4c5c41","input":{},"success":true}
[2025-05-11T00:47:24.301Z] [ACCESS] Acesso a rota /dashboard/grupoDefeitoEquipamento
[2025-05-11T00:47:26.061Z] [ACCESS] Acesso a rota /dashboard/grupoDefeitoEquipamento
[2025-05-11T00:47:26.282Z] [ACTION] [LIST] GRUPO_DEFEITO_EQUIPAMENTO | {"userId":"b435c6d2-ef8b-4bcc-93fa-8228df4c5c41","input":{},"success":true}
[2025-05-11T00:47:37.171Z] [ACCESS] Acesso a rota /dashboard/subgrupoDefeitoEquipamento
[2025-05-11T00:47:38.634Z] [ACCESS] Acesso a rota /dashboard/subgrupoDefeitoEquipamento
[2025-05-11T00:47:38.943Z] [ACTION] [LIST] SUBGRUPO_DEFEITO_EQUIPAMENTO | {"userId":"b435c6d2-ef8b-4bcc-93fa-8228df4c5c41","input":{},"success":true}
[2025-05-11T00:47:39.071Z] [ACCESS] Acesso a rota /dashboard/subgrupoDefeitoEquipamento
[2025-05-11T00:47:39.285Z] [ACTION] [LIST] GRUPO_DEFEITO_EQUIPAMENTO | {"userId":"b435c6d2-ef8b-4bcc-93fa-8228df4c5c41","input":{},"success":true}
[2025-05-11T00:48:29.451Z] [ACCESS] Acesso a rota /dashboard/subgrupoDefeitoEquipamento
[2025-05-11T00:48:31.186Z] [ACCESS] Acesso a rota /dashboard/subgrupoDefeitoEquipamento
[2025-05-11T00:48:31.687Z] [ACTION] [LIST] SUBGRUPO_DEFEITO_EQUIPAMENTO | {"userId":"b435c6d2-ef8b-4bcc-93fa-8228df4c5c41","input":{},"success":true}
[2025-05-11T00:48:31.790Z] [ACCESS] Acesso a rota /dashboard/subgrupoDefeitoEquipamento
[2025-05-11T00:48:31.876Z] [ACTION] [LIST] GRUPO_DEFEITO_EQUIPAMENTO | {"userId":"b435c6d2-ef8b-4bcc-93fa-8228df4c5c41","input":{},"success":true}
[2025-05-11T00:48:37.518Z] [ACCESS] Acesso a rota /dashboard/grupoDefeitoCodigo
[2025-05-11T00:48:44.728Z] [ACCESS] Acesso a rota /dashboard/grupoDefeitoCodigo
[2025-05-11T00:48:44.913Z] [ACTION] [LIST] GRUPO_DEFEITO_CODIGO | {"userId":"b435c6d2-ef8b-4bcc-93fa-8228df4c5c41","input":{},"success":true}
[2025-05-11T00:48:44.975Z] [ACCESS] Acesso a rota /dashboard/grupoDefeitoCodigo
[2025-05-11T00:48:45.015Z] [ACTION] [LIST] GRUPO_DEFEITO_EQUIPAMENTO | {"userId":"b435c6d2-ef8b-4bcc-93fa-8228df4c5c41","input":{},"success":true}
[2025-05-11T00:48:50.270Z] [ACCESS] Acesso a rota /dashboard/defeito
[2025-05-11T00:48:52.057Z] [ACCESS] Acesso a rota /dashboard/defeito
[2025-05-11T00:48:52.684Z] [ACTION] [LIST] DEFEITO | {"userId":"b435c6d2-ef8b-4bcc-93fa-8228df4c5c41","input":{},"success":true}
[2025-05-11T00:48:52.776Z] [ACCESS] Acesso a rota /dashboard/defeito
[2025-05-11T00:48:52.885Z] [ACTION] [LIST] SUBGRUPO_DEFEITO_EQUIPAMENTO | {"userId":"b435c6d2-ef8b-4bcc-93fa-8228df4c5c41","input":{},"success":true}
[2025-05-11T00:48:52.930Z] [ACCESS] Acesso a rota /dashboard/defeito
[2025-05-11T00:48:53.012Z] [ACTION] [LIST] GRUPO_DEFEITO_CODIGO | {"userId":"b435c6d2-ef8b-4bcc-93fa-8228df4c5c41","input":{},"success":true}
[2025-05-11T00:48:53.055Z] [ACCESS] Acesso a rota /dashboard/defeito
[2025-05-11T00:48:53.135Z] [ACTION] [LIST] GRUPO_DEFEITO_EQUIPAMENTO | {"userId":"b435c6d2-ef8b-4bcc-93fa-8228df4c5c41","input":{},"success":true}
[2025-05-11T00:48:53.253Z] [ACCESS] Acesso a rota /dashboard/tipoManutencao
[2025-05-11T00:48:54.557Z] [ACCESS] Acesso a rota /dashboard/tipoManutencao
[2025-05-11T00:48:54.718Z] [ACTION] [LIST] TIPO_MANUTENCAO | {"userId":"b435c6d2-ef8b-4bcc-93fa-8228df4c5c41","input":{},"success":true}
[2025-05-11T00:49:01.049Z] [ACCESS] Acesso a rota /dashboard/kpi
[2025-05-11T00:49:03.504Z] [ACCESS] Acesso a rota /dashboard/kpi
[2025-05-11T00:49:04.002Z] [ACTION] [LIST] KPI | {"userId":"b435c6d2-ef8b-4bcc-93fa-8228df4c5c41","input":{},"success":true}
[2025-05-11T00:49:04.109Z] [ACCESS] Acesso a rota /dashboard/kpi
[2025-05-11T00:49:04.209Z] [ACTION] [LIST] TIPO_MANUTENCAO | {"userId":"b435c6d2-ef8b-4bcc-93fa-8228df4c5c41","input":{},"success":true}
[2025-05-11T00:49:04.817Z] [ACCESS] Acesso a rota /dashboard/notasSAP
[2025-05-11T00:49:09.717Z] [ACCESS] Acesso a rota /dashboard/notasSAP
[2025-05-11T00:49:10.124Z] [ACTION] [LIST] NOTAS_SAP | {"userId":"b435c6d2-ef8b-4bcc-93fa-8228df4c5c41","input":{},"success":true}
[2025-05-11T00:49:10.233Z] [ACCESS] Acesso a rota /dashboard/notasSAP
[2025-05-11T00:49:10.366Z] [ACTION] [LIST] CENTRO_TRABALHO | {"userId":"b435c6d2-ef8b-4bcc-93fa-8228df4c5c41","input":{},"success":true}
[2025-05-11T00:49:10.375Z] [ACCESS] Acesso a rota /dashboard/notasSAP
[2025-05-11T00:49:10.498Z] [ACTION] [LIST] EQUIPAMENTO | {"userId":"b435c6d2-ef8b-4bcc-93fa-8228df4c5c41","input":{},"success":true}
[2025-05-11T00:49:10.509Z] [ACCESS] Acesso a rota /dashboard/notasSAP
[2025-05-11T00:49:10.586Z] [ACTION] [LIST] KPI | {"userId":"b435c6d2-ef8b-4bcc-93fa-8228df4c5c41","input":{},"success":true}
[2025-05-11T00:49:10.595Z] [ACCESS] Acesso a rota /dashboard/notasSAP
[2025-05-11T00:49:10.669Z] [ACTION] [LIST] REGIONAL | {"userId":"b435c6d2-ef8b-4bcc-93fa-8228df4c5c41","input":{},"success":true}
[2025-05-11T00:49:30.511Z] [ACCESS] Acesso a rota /dashboard/notasSAP
[2025-05-11T00:49:34.558Z] [ACCESS] Acesso a rota /dashboard/notasSAP
[2025-05-11T00:49:34.820Z] [ACTION] [LIST] NOTAS_SAP | {"userId":"b435c6d2-ef8b-4bcc-93fa-8228df4c5c41","input":{},"success":true}
[2025-05-11T00:49:34.852Z] [ACCESS] Acesso a rota /dashboard/notasSAP
[2025-05-11T00:49:34.950Z] [ACTION] [LIST] CENTRO_TRABALHO | {"userId":"b435c6d2-ef8b-4bcc-93fa-8228df4c5c41","input":{},"success":true}
[2025-05-11T00:49:34.973Z] [ACCESS] Acesso a rota /dashboard/notasSAP
[2025-05-11T00:49:35.127Z] [ACTION] [LIST] EQUIPAMENTO | {"userId":"b435c6d2-ef8b-4bcc-93fa-8228df4c5c41","input":{},"success":true}
[2025-05-11T00:49:35.156Z] [ACCESS] Acesso a rota /dashboard/notasSAP
[2025-05-11T00:49:35.271Z] [ACTION] [LIST] KPI | {"userId":"b435c6d2-ef8b-4bcc-93fa-8228df4c5c41","input":{},"success":true}
[2025-05-11T00:49:35.296Z] [ACCESS] Acesso a rota /dashboard/notasSAP
[2025-05-11T00:49:35.368Z] [ACTION] [LIST] REGIONAL | {"userId":"b435c6d2-ef8b-4bcc-93fa-8228df4c5c41","input":{},"success":true}
[2025-05-11T00:49:39.011Z] [ACCESS] Acesso a rota /dashboard/tipoAtividade
[2025-05-11T00:49:41.190Z] [ACCESS] Acesso a rota /dashboard/tipoAtividade
[2025-05-11T00:49:41.698Z] [ACTION] [LIST] TIPO_ATIVIDADE | {"userId":"b435c6d2-ef8b-4bcc-93fa-8228df4c5c41","input":{},"success":true}
[2025-05-11T00:49:41.858Z] [ACCESS] Acesso a rota /dashboard/tipoAtividade
[2025-05-11T00:49:41.909Z] [ACTION] [LIST] KPI | {"userId":"b435c6d2-ef8b-4bcc-93fa-8228df4c5c41","input":{},"success":true}
[2025-05-11T00:49:41.921Z] [ACCESS] Acesso a rota /dashboard/tipoAtividade
[2025-05-11T00:49:41.929Z] [ACTION] [LIST] TIPO_ATIVIDADE_MOBILE_ENUM | {"input":{},"success":true}
[2025-05-11T00:49:56.016Z] [ACCESS] Acesso a rota /dashboard/tipoAtividade
[2025-05-11T00:50:02.343Z] [ACCESS] Acesso a rota /dashboard/tipoAtividade
[2025-05-11T00:50:02.892Z] [ACTION] [LIST] TIPO_ATIVIDADE | {"userId":"b435c6d2-ef8b-4bcc-93fa-8228df4c5c41","input":{},"success":true}
[2025-05-11T00:50:03.593Z] [ACCESS] Acesso a rota /dashboard/tipoAtividade
[2025-05-11T00:50:03.682Z] [ACTION] [LIST] KPI | {"userId":"b435c6d2-ef8b-4bcc-93fa-8228df4c5c41","input":{},"success":true}
[2025-05-11T00:50:03.729Z] [ACCESS] Acesso a rota /dashboard/tipoAtividade
[2025-05-11T00:50:03.737Z] [ACTION] [LIST] TIPO_ATIVIDADE_MOBILE_ENUM | {"input":{},"success":true}
[2025-05-11T00:50:05.826Z] [ACCESS] Acesso a rota /dashboard/atividade
[2025-05-11T00:50:13.441Z] [ACCESS] Acesso a rota /dashboard/atividade
[2025-05-11T00:50:13.596Z] [ACTION] [LIST] NOTAS_SAP | {"userId":"b435c6d2-ef8b-4bcc-93fa-8228df4c5c41","input":{},"success":true}
[2025-05-11T00:50:13.622Z] [ACCESS] Acesso a rota /dashboard/atividade
[2025-05-11T00:50:13.654Z] [ACTION] [LIST] TIPO_ATIVIDADE | {"userId":"b435c6d2-ef8b-4bcc-93fa-8228df4c5c41","input":{},"success":true}
[2025-05-11T00:50:48.036Z] [ACCESS] Acesso a rota /dashboard/atividade
[2025-05-11T00:50:48.916Z] [ACTION] [LIST] TIPO_ATIVIDADE | {"userId":"b435c6d2-ef8b-4bcc-93fa-8228df4c5c41","input":{},"success":true}
[2025-05-11T00:50:48.990Z] [ACCESS] Acesso a rota /dashboard/atividade
[2025-05-11T00:50:49.077Z] [ACTION] [LIST] ATIVIDADE | {"userId":"b435c6d2-ef8b-4bcc-93fa-8228df4c5c41","input":{},"success":true}
[2025-05-11T00:50:49.213Z] [ACCESS] Acesso a rota /dashboard/atividade
[2025-05-11T00:50:49.319Z] [ACTION] [LIST] NOTAS_SAP | {"userId":"b435c6d2-ef8b-4bcc-93fa-8228df4c5c41","input":{},"success":true}
[2025-05-11T00:50:50.536Z] [ACCESS] Acesso a rota /dashboard/atividade
[2025-05-11T00:51:01.319Z] [ACCESS] Acesso a rota /dashboard/atividade
[2025-05-11T00:51:01.884Z] [ACTION] [LIST] ATIVIDADE | {"userId":"b435c6d2-ef8b-4bcc-93fa-8228df4c5c41","input":{},"success":true}
[2025-05-11T00:51:02.555Z] [ACCESS] Acesso a rota /dashboard/atividade
[2025-05-11T00:51:02.723Z] [ACTION] [LIST] TIPO_ATIVIDADE | {"userId":"b435c6d2-ef8b-4bcc-93fa-8228df4c5c41","input":{},"success":true}
[2025-05-11T00:51:02.813Z] [ACCESS] Acesso a rota /dashboard/atividade
[2025-05-11T00:51:02.889Z] [ACTION] [LIST] NOTAS_SAP | {"userId":"b435c6d2-ef8b-4bcc-93fa-8228df4c5c41","input":{},"success":true}
[2025-05-11T00:51:26.323Z] [ACCESS] Acesso a rota /dashboard/atividade
[2025-05-11T00:51:29.008Z] [ACCESS] Acesso a rota /dashboard/atividade
[2025-05-11T00:51:29.257Z] [ACTION] [LIST] ATIVIDADE | {"userId":"b435c6d2-ef8b-4bcc-93fa-8228df4c5c41","input":{},"success":true}
[2025-05-11T00:51:29.284Z] [ACCESS] Acesso a rota /dashboard/atividade
[2025-05-11T00:51:29.314Z] [ACTION] [LIST] TIPO_ATIVIDADE | {"userId":"b435c6d2-ef8b-4bcc-93fa-8228df4c5c41","input":{},"success":true}
[2025-05-11T00:51:29.334Z] [ACCESS] Acesso a rota /dashboard/atividade
[2025-05-11T00:51:29.365Z] [ACTION] [LIST] NOTAS_SAP | {"userId":"b435c6d2-ef8b-4bcc-93fa-8228df4c5c41","input":{},"success":true}
[2025-05-11T00:51:35.578Z] [ACCESS] Acesso a rota /dashboard/atividadeAtribuicao
[2025-05-11T00:51:46.667Z] [ACCESS] Acesso a rota /dashboard/atividadeAtribuicao
[2025-05-11T00:51:47.402Z] [ACTION] [LIST] USUARIO_MOBILE | {"userId":"b435c6d2-ef8b-4bcc-93fa-8228df4c5c41","input":{},"success":true}
[2025-05-11T00:51:47.459Z] [ACCESS] Acesso a rota /dashboard/atividadeAtribuicao
[2025-05-11T00:51:47.488Z] [ACTION] [LIST] ATIVIDADE | {"userId":"b435c6d2-ef8b-4bcc-93fa-8228df4c5c41","input":{},"success":true}
[2025-05-11T00:52:50.956Z] [ACCESS] Acesso a rota /dashboard/atividadeAtribuicao
[2025-05-11T00:53:01.232Z] [ACCESS] Acesso a rota /dashboard/atividadeAtribuicao
[2025-05-11T00:53:01.890Z] [ACTION] [LIST] ATIVIDADE_ATRIBUICAO | {"userId":"b435c6d2-ef8b-4bcc-93fa-8228df4c5c41","input":{},"success":true}
[2025-05-11T00:53:01.933Z] [ACCESS] Acesso a rota /dashboard/atividadeAtribuicao
[2025-05-11T00:53:02.016Z] [ACTION] [LIST] ATIVIDADE | {"userId":"b435c6d2-ef8b-4bcc-93fa-8228df4c5c41","input":{},"success":true}
[2025-05-11T00:53:02.042Z] [ACCESS] Acesso a rota /dashboard/atividadeAtribuicao
[2025-05-11T00:53:02.112Z] [ACTION] [LIST] USUARIO_MOBILE | {"userId":"b435c6d2-ef8b-4bcc-93fa-8228df4c5c41","input":{},"success":true}
[2025-05-11T00:53:05.775Z] [ACCESS] Acesso a rota /dashboard/tecnico
[2025-05-11T00:53:08.510Z] [ACCESS] Acesso a rota /dashboard/tecnico
[2025-05-11T00:53:08.786Z] [ACTION] [LIST] TECNICO | {"userId":"b435c6d2-ef8b-4bcc-93fa-8228df4c5c41","input":{},"success":true}
[2025-05-11T00:53:10.707Z] [ACCESS] Acesso a rota /dashboard/aprPergunta
[2025-05-11T00:53:12.399Z] [ACCESS] Acesso a rota /dashboard/aprPergunta
[2025-05-11T00:53:12.630Z] [ACTION] [LIST] APR_PERGUNTAS | {"userId":"b435c6d2-ef8b-4bcc-93fa-8228df4c5c41","input":{},"success":true}
[2025-05-11T00:53:12.937Z] [ACCESS] Acesso a rota /dashboard/aprModelo
[2025-05-11T00:53:14.934Z] [ACCESS] Acesso a rota /dashboard/aprModelo
[2025-05-11T00:53:15.340Z] [ACTION] [LIST] TIPO_ATIVIDADE | {"userId":"b435c6d2-ef8b-4bcc-93fa-8228df4c5c41","input":{},"success":true}
[2025-05-11T00:53:15.933Z] [ACCESS] Acesso a rota /dashboard/aprPerguntasRelation
[2025-05-11T00:53:17.747Z] [ACCESS] Acesso a rota /dashboard/aprPerguntasRelation
[2025-05-11T00:53:18.026Z] [ACTION] [LIST] APR_MODELO | {"userId":"b435c6d2-ef8b-4bcc-93fa-8228df4c5c41","input":{},"success":true}
[2025-05-11T00:53:18.076Z] [ACCESS] Acesso a rota /dashboard/aprPerguntasRelation
[2025-05-11T00:53:18.130Z] [ACTION] [LIST] APR_PERGUNTAS | {"userId":"b435c6d2-ef8b-4bcc-93fa-8228df4c5c41","input":{},"success":true}
[2025-05-11T00:53:18.373Z] [ACCESS] Acesso a rota /dashboard/aprModelo
[2025-05-11T00:54:16.367Z] [ACCESS] Acesso a rota /dashboard/aprModelo
[2025-05-11T00:54:18.818Z] [ACCESS] Acesso a rota /dashboard/aprModelo
[2025-05-11T00:54:19.358Z] [ACTION] [LIST] APR_MODELO | {"userId":"b435c6d2-ef8b-4bcc-93fa-8228df4c5c41","input":{},"success":true}
[2025-05-11T00:54:19.450Z] [ACCESS] Acesso a rota /dashboard/aprModelo
[2025-05-11T00:54:19.524Z] [ACTION] [LIST] TIPO_ATIVIDADE | {"userId":"b435c6d2-ef8b-4bcc-93fa-8228df4c5c41","input":{},"success":true}
[2025-05-11T00:54:22.910Z] [ACCESS] Acesso a rota /dashboard/aprPerguntasRelation
[2025-05-11T00:54:23.499Z] [ACCESS] Acesso a rota /dashboard/aprPerguntasRelation
[2025-05-11T00:54:23.633Z] [ACTION] [LIST] APR_PERGUNTAS | {"userId":"b435c6d2-ef8b-4bcc-93fa-8228df4c5c41","input":{},"success":true}
[2025-05-11T00:54:23.661Z] [ACCESS] Acesso a rota /dashboard/aprPerguntasRelation
[2025-05-11T00:54:23.823Z] [ACTION] [LIST] APR_MODELO | {"userId":"b435c6d2-ef8b-4bcc-93fa-8228df4c5c41","input":{},"success":true}
[2025-05-11T00:55:25.501Z] [ACCESS] Acesso a rota /dashboard/aprPerguntasRelation
[2025-05-11T00:55:25.767Z] [ACTION] [LIST] APR_MODELO | {"userId":"b435c6d2-ef8b-4bcc-93fa-8228df4c5c41","input":{},"success":true}
[2025-05-11T00:55:25.784Z] [ACCESS] Acesso a rota /dashboard/aprPerguntasRelation
[2025-05-11T00:55:26.110Z] [ACTION] [LIST] APR_PERGUNTAS_RELATION | {"userId":"b435c6d2-ef8b-4bcc-93fa-8228df4c5c41","input":{},"success":true}
[2025-05-11T00:55:26.146Z] [ACCESS] Acesso a rota /dashboard/aprPerguntasRelation
[2025-05-11T00:55:26.205Z] [ACTION] [LIST] APR_PERGUNTAS | {"userId":"b435c6d2-ef8b-4bcc-93fa-8228df4c5c41","input":{},"success":true}
[2025-05-11T00:55:26.603Z] [ACCESS] Acesso a rota /dashboard/aprPerguntasRelation
[2025-05-11T00:55:28.152Z] [ACCESS] Acesso a rota /dashboard/aprPerguntasRelation
[2025-05-11T00:55:28.354Z] [ACTION] [LIST] APR_PERGUNTAS_RELATION | {"userId":"b435c6d2-ef8b-4bcc-93fa-8228df4c5c41","input":{},"success":true}
[2025-05-11T00:55:28.495Z] [ACCESS] Acesso a rota /dashboard/aprPerguntasRelation
[2025-05-11T00:55:28.576Z] [ACTION] [LIST] APR_MODELO | {"userId":"b435c6d2-ef8b-4bcc-93fa-8228df4c5c41","input":{},"success":true}
[2025-05-11T00:55:28.632Z] [ACCESS] Acesso a rota /dashboard/aprPerguntasRelation
[2025-05-11T00:55:28.702Z] [ACTION] [LIST] APR_PERGUNTAS | {"userId":"b435c6d2-ef8b-4bcc-93fa-8228df4c5c41","input":{},"success":true}
[2025-05-11T00:55:33.483Z] [ACCESS] Acesso a rota /dashboard/checklistPergunta
[2025-05-11T00:55:35.355Z] [ACCESS] Acesso a rota /dashboard/checklistPergunta
[2025-05-11T00:55:35.480Z] [ACTION] [LIST] CHECKLIST_PERGUNTA | {"userId":"b435c6d2-ef8b-4bcc-93fa-8228df4c5c41","input":{},"success":true}
[2025-05-11T00:55:37.618Z] [ACCESS] Acesso a rota /dashboard/checklistModelo
[2025-05-11T00:55:39.424Z] [ACCESS] Acesso a rota /dashboard/checklistModelo
[2025-05-11T00:55:39.554Z] [ACTION] [LIST] TIPO_ATIVIDADE | {"userId":"b435c6d2-ef8b-4bcc-93fa-8228df4c5c41","input":{},"success":true}
[2025-05-11T00:56:29.984Z] [ACCESS] Acesso a rota /dashboard/checklistModelo
[2025-05-11T00:56:30.362Z] [ACTION] [LIST] CHECKLIST_MODELO | {"userId":"b435c6d2-ef8b-4bcc-93fa-8228df4c5c41","input":{},"success":true}
[2025-05-11T00:56:30.454Z] [ACCESS] Acesso a rota /dashboard/checklistModelo
[2025-05-11T00:56:30.488Z] [ACTION] [LIST] TIPO_ATIVIDADE | {"userId":"b435c6d2-ef8b-4bcc-93fa-8228df4c5c41","input":{},"success":true}
[2025-05-11T00:56:32.480Z] [ACCESS] Acesso a rota /dashboard/checklistModelo
[2025-05-11T00:56:34.527Z] [ACCESS] Acesso a rota /dashboard/checklistModelo
[2025-05-11T00:56:34.608Z] [ACTION] [LIST] CHECKLIST_MODELO | {"userId":"b435c6d2-ef8b-4bcc-93fa-8228df4c5c41","input":{},"success":true}
[2025-05-11T00:56:34.634Z] [ACCESS] Acesso a rota /dashboard/checklistModelo
[2025-05-11T00:56:34.662Z] [ACTION] [LIST] TIPO_ATIVIDADE | {"userId":"b435c6d2-ef8b-4bcc-93fa-8228df4c5c41","input":{},"success":true}
[2025-05-11T00:56:52.625Z] [ACCESS] Acesso a rota /dashboard/checklistModelo
[2025-05-11T00:56:52.626Z] [ACCESS] Acesso a rota /dashboard/checklistModelo
[2025-05-11T00:56:53.013Z] [ACTION] [LIST] CHECKLIST_MODELO | {"userId":"b435c6d2-ef8b-4bcc-93fa-8228df4c5c41","input":{},"success":true}
[2025-05-11T00:56:53.063Z] [ACCESS] Acesso a rota /dashboard/checklistModelo
[2025-05-11T00:56:54.187Z] [ACCESS] Acesso a rota /dashboard/checklistModelo
[2025-05-11T00:56:54.255Z] [ACTION] [LIST] CHECKLIST_MODELO | {"userId":"b435c6d2-ef8b-4bcc-93fa-8228df4c5c41","input":{},"success":true}
[2025-05-11T00:56:54.318Z] [ACCESS] Acesso a rota /dashboard/checklistModelo
[2025-05-11T00:56:54.356Z] [ACTION] [LIST] TIPO_ATIVIDADE | {"userId":"b435c6d2-ef8b-4bcc-93fa-8228df4c5c41","input":{},"success":true}
[2025-05-11T00:57:05.691Z] [ACCESS] Acesso a rota /dashboard/checklistModelo
[2025-05-11T00:57:05.713Z] [ACCESS] Acesso a rota /dashboard/checklistPerguntaRelation
[2025-05-11T00:57:05.970Z] [ACTION] [LIST] CHECKLIST_MODELO | {"userId":"b435c6d2-ef8b-4bcc-93fa-8228df4c5c41","input":{},"success":true}
[2025-05-11T00:57:08.276Z] [ACCESS] Acesso a rota /dashboard/checklistModelo
[2025-05-11T00:57:08.475Z] [ACTION] [LIST] TIPO_ATIVIDADE | {"userId":"b435c6d2-ef8b-4bcc-93fa-8228df4c5c41","input":{},"success":true}
[2025-05-11T00:57:08.511Z] [ACCESS] Acesso a rota /dashboard/checklistPerguntaRelation
[2025-05-11T00:57:09.031Z] [ACCESS] Acesso a rota /dashboard/checklistPerguntaRelation
[2025-05-11T00:57:09.078Z] [ACTION] [LIST] CHECKLIST_PERGUNTA | {"userId":"b435c6d2-ef8b-4bcc-93fa-8228df4c5c41","input":{},"success":true}
[2025-05-11T00:57:09.091Z] [ACCESS] Acesso a rota /dashboard/checklistPerguntaRelation
[2025-05-11T00:57:09.146Z] [ACTION] [LIST] CHECKLIST_MODELO | {"userId":"b435c6d2-ef8b-4bcc-93fa-8228df4c5c41","input":{},"success":true}
[2025-05-11T00:57:56.159Z] [ACCESS] Acesso a rota /dashboard/checklistPerguntaRelation
[2025-05-11T00:57:56.172Z] [ACCESS] Acesso a rota /dashboard/checklistPerguntaRelation
[2025-05-11T00:57:56.497Z] [ACCESS] Acesso a rota /dashboard/checklistPerguntaRelation
[2025-05-11T00:57:56.524Z] [ACTION] [LIST] CHECKLIST_MODELO | {"userId":"b435c6d2-ef8b-4bcc-93fa-8228df4c5c41","input":{},"success":true}
[2025-05-11T00:58:00.480Z] [ACCESS] Acesso a rota /dashboard/checklistPerguntaRelation
[2025-05-11T00:58:00.668Z] [ACTION] [LIST] CHECKLIST_PERGUNTA_RELATION | {"userId":"b435c6d2-ef8b-4bcc-93fa-8228df4c5c41","input":{},"success":true}
[2025-05-11T00:58:00.848Z] [ACCESS] Acesso a rota /dashboard/checklistPerguntaRelation
[2025-05-11T00:58:00.894Z] [ACTION] [LIST] CHECKLIST_PERGUNTA | {"userId":"b435c6d2-ef8b-4bcc-93fa-8228df4c5c41","input":{},"success":true}
[2025-05-11T00:58:00.933Z] [ACCESS] Acesso a rota /dashboard/checklistPerguntaRelation
[2025-05-11T00:58:00.962Z] [ACTION] [LIST] CHECKLIST_MODELO | {"userId":"b435c6d2-ef8b-4bcc-93fa-8228df4c5c41","input":{},"success":true}
[2025-05-11T00:58:02.818Z] [ACCESS] Acesso a rota /dashboard/usuarioMobile
[2025-05-11T00:58:07.197Z] [ACCESS] Acesso a rota /dashboard/usuarioMobile
[2025-05-11T00:58:07.553Z] [ACTION] [LIST] USUARIO_MOBILE | {"userId":"b435c6d2-ef8b-4bcc-93fa-8228df4c5c41","input":{},"success":true}
[2025-05-11T00:59:11.440Z] [ACCESS] Acesso a rota /dashboard/usuarioMobile
[2025-05-11T00:59:11.556Z] [ACTION] [LIST] USUARIO_MOBILE | {"userId":"b435c6d2-ef8b-4bcc-93fa-8228df4c5c41","input":{},"success":true}
[2025-05-11T00:59:18.343Z] [ACCESS] Acesso a rota /dashboard/usuarioMobile
[2025-05-11T00:59:18.378Z] [ACTION] [LIST] USUARIO_MOBILE | {"userId":"b435c6d2-ef8b-4bcc-93fa-8228df4c5c41","input":{},"success":true}
[2025-05-11T00:59:20.393Z] [ACCESS] Acesso a rota /dashboard/usuarioMobile
[2025-05-11T00:59:22.142Z] [ACCESS] Acesso a rota /dashboard/usuarioMobile
[2025-05-11T00:59:22.188Z] [ACTION] [LIST] USUARIO_MOBILE | {"userId":"b435c6d2-ef8b-4bcc-93fa-8228df4c5c41","input":{},"success":true}
